<?xml version="1.0" encoding="UTF-8"?>
<testng-results ignored="1" total="2" passed="1" failed="0" skipped="0">
  <reporter-output>
  </reporter-output>
  <suite started-at="2026-07-07T18:47:00 IST" name="Amzon_Sanity_Suite" finished-at="2026-07-07T18:47:09 IST" duration-ms="8384">
    <groups>
      <group name="Sanity">
        <method signature="HomePageTest.verifyAmazonMusicLink()[pri:0, instance:com.amzon.tests.HomePageTest@708f5957]" name="verifyAmazonMusicLink" class="com.amzon.tests.HomePageTest"/>
      </group> <!-- Sanity -->
    </groups>
    <test started-at="2026-07-07T18:47:00 IST" name="Amazon Sign in page test" finished-at="2026-07-07T18:47:09 IST" duration-ms="8384">
      <class name="com.amzon.tests.HomePageTest">
        <test-method is-config="true" signature="baseSetUp()[pri:0, instance:com.amzon.tests.HomePageTest@708f5957]" started-at="2026-07-07T18:47:00 IST" name="baseSetUp" finished-at="2026-07-07T18:47:02 IST" duration-ms="2172" status="PASS">
          <reporter-output>
          </reporter-output>
        </test-method> <!-- baseSetUp -->
        <test-method signature="verifyAmazonMusicLink()[pri:0, instance:com.amzon.tests.HomePageTest@708f5957]" started-at="2026-07-07T18:47:02 IST" name="verifyAmazonMusicLink" finished-at="2026-07-07T18:47:09 IST" duration-ms="6161" status="PASS">
          <reporter-output>
          </reporter-output>
        </test-method> <!-- verifyAmazonMusicLink -->
      </class> <!-- com.amzon.tests.HomePageTest -->
    </test> <!-- Amazon Sign in page test -->
  </suite> <!-- Amzon_Sanity_Suite -->
</testng-results>
