<?xml version="1.0" encoding="UTF-8"?>
<testng-results ignored="5" total="6" passed="0" failed="1" skipped="0">
  <reporter-output>
  </reporter-output>
  <suite started-at="2026-07-02T11:32:02 IST" name="Default suite" finished-at="2026-07-02T11:32:07 IST" duration-ms="4632">
    <groups>
    </groups>
    <test started-at="2026-07-02T11:32:02 IST" name="Default test" finished-at="2026-07-02T11:32:07 IST" duration-ms="4632">
      <class name="com.amzon.tests.RegistrationPageTest">
        <test-method is-config="true" signature="baseSetUp()[pri:0, instance:com.amzon.tests.RegistrationPageTest@3daa422a]" started-at="2026-07-02T11:32:02 IST" name="baseSetUp" finished-at="2026-07-02T11:32:04 IST" duration-ms="1718" status="PASS">
          <reporter-output>
          </reporter-output>
        </test-method> <!-- baseSetUp -->
        <test-method is-config="true" signature="setUpPage()[pri:0, instance:com.amzon.tests.RegistrationPageTest@3daa422a]" started-at="2026-07-02T11:32:04 IST" name="setUpPage" finished-at="2026-07-02T11:32:05 IST" duration-ms="1757" status="PASS">
          <reporter-output>
          </reporter-output>
        </test-method> <!-- setUpPage -->
        <test-method signature="isLogoPresentTest()[pri:0, instance:com.amzon.tests.RegistrationPageTest@3daa422a]" started-at="2026-07-02T11:32:05 IST" name="isLogoPresentTest" finished-at="2026-07-02T11:32:06 IST" duration-ms="1005" status="FAIL">
          <exception class="java.lang.AssertionError">
            <message>
              <![CDATA[Error ---Logo IS nOt Present expected [false] but found [true]]]>
            </message>
            <full-stacktrace>
              <![CDATA[java.lang.AssertionError: Error ---Logo IS nOt Present expected [false] but found [true]
at org.testng.Assert.fail(Assert.java:111)
at org.testng.Assert.failNotEquals(Assert.java:1590)
at org.testng.Assert.assertFalse(Assert.java:79)
at com.amzon.tests.RegistrationPageTest.isLogoPresentTest(RegistrationPageTest.java:21)
at java.base/jdk.internal.reflect.DirectMethodHandleAccessor.invoke(DirectMethodHandleAccessor.java:104)
at java.base/java.lang.reflect.Method.invoke(Method.java:565)
at org.testng.internal.invokers.MethodInvocationHelper.invokeMethod(MethodInvocationHelper.java:141)
at org.testng.internal.invokers.TestInvoker.invokeMethod(TestInvoker.java:687)
at org.testng.internal.invokers.TestInvoker.invokeTestMethod(TestInvoker.java:230)
at org.testng.internal.invokers.MethodRunner.runInSequence(MethodRunner.java:63)
at org.testng.internal.invokers.TestInvoker$MethodInvocationAgent.invoke(TestInvoker.java:995)
at org.testng.internal.invokers.TestInvoker.invokeTestMethods(TestInvoker.java:203)
at org.testng.internal.invokers.TestMethodWorker.invokeTestMethods(TestMethodWorker.java:154)
at org.testng.internal.invokers.TestMethodWorker.run(TestMethodWorker.java:134)
at java.base/java.util.ArrayList.forEach(ArrayList.java:1604)
at org.testng.TestRunner.privateRun(TestRunner.java:741)
at org.testng.TestRunner.run(TestRunner.java:616)
at org.testng.SuiteRunner.runTest(SuiteRunner.java:421)
at org.testng.SuiteRunner.runSequentially(SuiteRunner.java:413)
at org.testng.SuiteRunner.privateRun(SuiteRunner.java:373)
at org.testng.SuiteRunner.run(SuiteRunner.java:312)
at org.testng.SuiteRunnerWorker.runSuite(SuiteRunnerWorker.java:52)
at org.testng.SuiteRunnerWorker.run(SuiteRunnerWorker.java:95)
at org.testng.TestNG.runSuitesSequentially(TestNG.java:1274)
at org.testng.TestNG.runSuitesLocally(TestNG.java:1208)
at org.testng.TestNG.runSuites(TestNG.java:1112)
at org.testng.TestNG.run(TestNG.java:1079)
at org.testng.remote.AbstractRemoteTestNG.run(AbstractRemoteTestNG.java:115)
at org.testng.remote.RemoteTestNG.initAndRun(RemoteTestNG.java:293)
at org.testng.remote.RemoteTestNG.main(RemoteTestNG.java:91)
]]>
            </full-stacktrace>
          </exception> <!-- java.lang.AssertionError -->
          <reporter-output>
          </reporter-output>
        </test-method> <!-- isLogoPresentTest -->
        <test-method is-config="true" signature="closeBrowser()[pri:0, instance:com.amzon.tests.RegistrationPageTest@3daa422a]" started-at="2026-07-02T11:32:06 IST" name="closeBrowser" finished-at="2026-07-02T11:32:07 IST" duration-ms="116" status="PASS">
          <reporter-output>
          </reporter-output>
        </test-method> <!-- closeBrowser -->
      </class> <!-- com.amzon.tests.RegistrationPageTest -->
    </test> <!-- Default test -->
  </suite> <!-- Default suite -->
</testng-results>
