<?xml version="1.0" encoding="UTF-8"?>
<!-- Generated by org.testng.reporters.JUnitReportReporter -->
<testsuite hostname="FFE-Tejas-Mohan-karale" failures="0" tests="2" name="com.amzon.tests.HomePageTest" time="13.206" errors="0" timestamp="2026-07-07T10:44:34 IST" skipped="0">
  <testcase classname="com.amzon.tests.HomePageTest" name="verifyAmazonMusicLink" time="8.292"/>
  <testcase classname="com.amzon.tests.HomePageTest" name="VerifyUserCanSearchItem" time="4.914"/>
</testsuite> <!-- com.amzon.tests.HomePageTest -->
