<?xml version="1.0" encoding="UTF-8"?>
<!-- Generated by org.testng.reporters.JUnitXMLReporter -->
<testsuite ignored="1" hostname="FFE-Tejas-Mohan-karale" failures="0" tests="1" name="Default test" time="5.351" errors="0" timestamp="2026-07-07T18:06:12 IST">
  <testcase classname="com.amzon.tests.HomePageTest" name="VerifyUserCanSearchItem" time="3.526"/>
  <testcase classname="com.amzon.tests.HomePageTest" name="verifyAmazonMusicLink" time="0.0">
    <ignored/>
  </testcase> <!-- verifyAmazonMusicLink -->
</testsuite> <!-- Default test -->
