<?xml version="1.0" encoding="UTF-8"?>
<!-- Generated by org.testng.reporters.JUnitXMLReporter -->
<testsuite ignored="1" hostname="FFE-Tejas-Mohan-karale" failures="0" tests="1" name="Amazon Sign in page test" time="8.384" errors="0" timestamp="2026-07-07T18:47:09 IST">
  <testcase classname="com.amzon.tests.HomePageTest" name="verifyAmazonMusicLink" time="6.161"/>
  <testcase classname="com.amzon.tests.HomePageTest" name="VerifyUserCanSearchItem" time="0.0">
    <ignored/>
  </testcase> <!-- VerifyUserCanSearchItem -->
</testsuite> <!-- Amazon Sign in page test -->
